
FILE: ...ser-bridge/public/shortcodes/class-eb-shortcode-user-profile.php
----------------------------------------------------------------------
FOUND 3 ERRORS AND 1 WARNING AFFECTING 3 LINES
----------------------------------------------------------------------
  13 | ERROR   | Each class must be in a namespace of at least one
     |         | level (a top-level vendor name)
  /*13 | ERROR   | Class name "EB_Shortcode_User_Profile" is not in
     |         | camel caps format*/
  /*56 | ERROR   | Method name
     |         | "EB_Shortcode_User_Profile::user_profile" is not in
     |         | camel caps format*/
 /*101 | WARNING | Line exceeds 120 characters; contains 193 characters*/
----------------------------------------------------------------------


FILE: ...ser-bridge/public/shortcodes/class-eb-shortcode-user-account.php
----------------------------------------------------------------------
FOUND 3 ERRORS AND 2 WARNINGS AFFECTING 4 LINES
----------------------------------------------------------------------
 13 | ERROR   | Each class must be in a namespace of at least one
    |         | level (a top-level vendor name)
 /*13 | ERROR   | Class name "EB_Shortcode_User_Account" is not in
    |         | camel caps format*/
 /*54 | ERROR   | Method name "EB_Shortcode_User_Account::user_account"
    |         | is not in camel caps format*/
 /*81 | WARNING | Line exceeds 120 characters; contains 131 characters*/
 /*99 | WARNING | Line exceeds 120 characters; contains 137 characters*/
----------------------------------------------------------------------


FILE: ...cts/edwiser-bridge/edwiser-bridge/public/class-eb-shortcodes.php
----------------------------------------------------------------------
FOUND 5 ERRORS AFFECTING 4 LINES
----------------------------------------------------------------------
 13 | ERROR | Each class must be in a namespace of at least one level
    |       | (a top-level vendor name)
 /*13 | ERROR | Class name "EB_Shortcodes" is not in camel caps format*/
 /*39 | ERROR | Method name "EB_Shortcodes::shortcode_wrapper" is not
    |       | in camel caps format*/
 /*67 | ERROR | Method name "EB_Shortcodes::user_account" is not in
    |       | camel caps format*/
 /*79 | ERROR | Method name "EB_Shortcodes::user_profile" is not in
    |       | camel caps format*/
----------------------------------------------------------------------


FILE: ...dge/edwiser-bridge/public/templates/content-single-eb_course.php
----------------------------------------------------------------------
FOUND 0 ERRORS AND 3 WARNINGS AFFECTING 3 LINES
----------------------------------------------------------------------
 /*22 | WARNING | Line exceeds 120 characters; contains 147 characters*/
 /*24 | WARNING | Line exceeds 120 characters; contains 125 characters*/
 /*95 | WARNING | Line exceeds 120 characters; contains 232 characters*/
----------------------------------------------------------------------


FILE: ...ser-bridge/edwiser-bridge/public/templates/content-eb_course.php
----------------------------------------------------------------------
FOUND 0 ERRORS AND 3 WARNINGS AFFECTING 3 LINES
----------------------------------------------------------------------
 /*21 | WARNING | Line exceeds 120 characters; contains 149 characters*/
 /*23 | WARNING | Line exceeds 120 characters; contains 125 characters*/
 /*92 | WARNING | Line exceeds 120 characters; contains 179 characters*/
----------------------------------------------------------------------


FILE: ...iser-bridge/public/templates/emails/user-existing-wp-account.php
----------------------------------------------------------------------
FOUND 0 ERRORS AND 2 WARNINGS AFFECTING 2 LINES
----------------------------------------------------------------------
 /*19 | WARNING | Line exceeds 120 characters; contains 153 characters*/
 /*25 | WARNING | Line exceeds 120 characters; contains 135 characters*/
----------------------------------------------------------------------


FILE: ...r-bridge/public/templates/emails/user-order-completion-email.php
----------------------------------------------------------------------
FOUND 0 ERRORS AND 2 WARNINGS AFFECTING 2 LINES
----------------------------------------------------------------------
 /*19 | WARNING | Line exceeds 120 characters; contains 140 characters*/
 /*23 | WARNING | Line exceeds 120 characters; contains 136 characters*/
----------------------------------------------------------------------


FILE: ...idge/edwiser-bridge/public/templates/emails/user-new-account.php
----------------------------------------------------------------------
FOUND 0 ERRORS AND 3 WARNINGS AFFECTING 3 LINES
----------------------------------------------------------------------
 /*19 | WARNING | Line exceeds 120 characters; contains 164 characters*/
 /*21 | WARNING | Line exceeds 120 characters; contains 134 characters*/
 /*23 | WARNING | Line exceeds 120 characters; contains 136 characters*/
----------------------------------------------------------------------


FILE: ...r-bridge/edwiser-bridge/public/templates/emails/email-header.php
----------------------------------------------------------------------
FOUND 0 ERRORS AND 3 WARNINGS AFFECTING 3 LINES
----------------------------------------------------------------------
 /*71 | WARNING | Line exceeds 120 characters; contains 153 characters*/
 /*75 | WARNING | Line exceeds 120 characters; contains 192 characters*/
 /*78 | WARNING | Line exceeds 120 characters; contains 121 characters*/
----------------------------------------------------------------------


FILE: ...r-bridge/edwiser-bridge/public/templates/emails/email-footer.php
----------------------------------------------------------------------
FOUND 0 ERRORS AND 2 WARNINGS AFFECTING 2 LINES
----------------------------------------------------------------------
 /*11 | WARNING | Line exceeds 120 characters; contains 184 characters*/
 /*39 | WARNING | Line exceeds 120 characters; contains 132 characters*/
----------------------------------------------------------------------


FILE: ...ser-bridge/edwiser-bridge/public/templates/archive-eb_course.php
----------------------------------------------------------------------
FOUND 0 ERRORS AND 1 WARNING AFFECTING 1 LINE
----------------------------------------------------------------------
 /*40 | WARNING | Line exceeds 120 characters; contains 128 characters*/
----------------------------------------------------------------------


FILE: ...-bridge/edwiser-bridge/public/templates/account/user-profile.php
----------------------------------------------------------------------
FOUND 0 ERRORS AND 1 WARNING AFFECTING 1 LINE
----------------------------------------------------------------------
 /*32 | WARNING | Line exceeds 120 characters; contains 164 characters*/
----------------------------------------------------------------------


FILE: ...er-bridge/edwiser-bridge/public/templates/account/form-login.php
----------------------------------------------------------------------
FOUND 0 ERRORS AND 8 WARNINGS AFFECTING 8 LINES
----------------------------------------------------------------------
  /*15 | WARNING | Line exceeds 120 characters; contains 121 characters
  39 | WARNING | Line exceeds 120 characters; contains 131 characters
  50 | WARNING | Line exceeds 120 characters; contains 128 characters
  58 | WARNING | Line exceeds 120 characters; contains 137 characters
 117 | WARNING | Line exceeds 120 characters; contains 138 characters
 126 | WARNING | Line exceeds 120 characters; contains 135 characters
 135 | WARNING | Line exceeds 120 characters; contains 127 characters
 141 | WARNING | Line exceeds 120 characters; contains 128 characters*/
----------------------------------------------------------------------


FILE: ...-bridge/edwiser-bridge/public/templates/account/user-account.php
----------------------------------------------------------------------
FOUND 0 ERRORS AND 2 WARNINGS AFFECTING 2 LINES
----------------------------------------------------------------------
  /*5 | WARNING | Line exceeds 120 characters; contains 255 characters
 27 | WARNING | Line exceeds 120 characters; contains 127 characters*/
----------------------------------------------------------------------


FILE: ...-bridge/edwiser-bridge/public/class-eb-frontend-form-handler.php
----------------------------------------------------------------------
FOUND 5 ERRORS AND 11 WARNINGS AFFECTING 15 LINES
----------------------------------------------------------------------
/*   1 | WARNING | A file should declare new symbols (classes,
     |         | functions, constants, etc.) and cause no other side
     |         | effects, or it should execute logic with side
     |         | effects, but should not do both. The first symbol is
     |         | defined on line 18 and the first side effect is on
     |         | line 4.*/
  18 | ERROR   | Each class must be in a namespace of at least one
     |         | level (a top-level vendor name)
  /*18 | ERROR   | Class name "EB_Frontend_Form_Handler" is not in
     |         | camel caps format*/
  /*23 | ERROR   | Method name
     |         | "EB_Frontend_Form_Handler::process_login" is not in
     |         | camel caps format*/
  /*25 | WARNING | Line exceeds 120 characters; contains 121 characters
  30 | WARNING | Line exceeds 120 characters; contains 136 characters
  33 | WARNING | Line exceeds 120 characters; contains 140 characters
  37 | WARNING | Line exceeds 120 characters; contains 146 characters
  41 | WARNING | Line exceeds 120 characters; contains 146 characters*/
  /*73 | ERROR   | Method name
     |         | "EB_Frontend_Form_Handler::process_registration" is
     |         | not in camel caps format*/
  /*75 | WARNING | Line exceeds 120 characters; contains 125 characters
  85 | WARNING | Line exceeds 120 characters; contains 134 characters
 124 | ERROR   | Method name
     |         | "EB_Frontend_Form_Handler::process_free_course_join_request"
     |         | is not in camel caps format
 158 | WARNING | Line exceeds 120 characters; contains 189 characters
 165 | WARNING | Line exceeds 120 characters; contains 121 characters
 167 | WARNING | Line exceeds 120 characters; contains 125 characters*/
----------------------------------------------------------------------


FILE: ...dwiser-bridge/edwiser-bridge/public/class-eb-template-loader.php
----------------------------------------------------------------------
FOUND 6 ERRORS AFFECTING 5 LINES
----------------------------------------------------------------------
  15 | ERROR | Each class must be in a namespace of at least one
     |       | level (a top-level vendor name)
  /*15 | ERROR | Class name "EB_Template_Loader" is not in camel caps
     |       | format*/
  /*60 | ERROR | Method name "EB_Template_Loader::template_loader" is
     |       | not in camel caps format*/
  /*93 | ERROR | Method name "EB_Template_Loader::wp_get_template_part"
     |       | is not in camel caps format*/
 /*133 | ERROR | Method name "EB_Template_Loader::wp_get_template" is
     |       | not in camel caps format*/
 /*172 | ERROR | Method name "EB_Template_Loader::wp_locate_template"
     |       | is not in camel caps format*/
----------------------------------------------------------------------


FILE: ...rojects/edwiser-bridge/edwiser-bridge/public/class-eb-public.php
----------------------------------------------------------------------
FOUND 4 ERRORS AND 6 WARNINGS AFFECTING 9 LINES
----------------------------------------------------------------------
  16 | ERROR   | Each class must be in a namespace of at least one
     |         | level (a top-level vendor name)
  /*16 | ERROR   | Class name "EB_Public" is not in camel caps format
  54 | ERROR   | Method name "EB_Public::public_enqueue_styles" is
     |         | not in camel caps format
  69 | WARNING | Line exceeds 120 characters; contains 128 characters
  70 | WARNING | Line exceeds 120 characters; contains 127 characters
  78 | ERROR   | Method name "EB_Public::public_enqueue_scripts" is
     |         | not in camel caps format
  94 | WARNING | Line exceeds 120 characters; contains 137 characters
  95 | WARNING | Line exceeds 120 characters; contains 140 characters
  99 | WARNING | Line exceeds 120 characters; contains 135 characters
 102 | WARNING | Line exceeds 120 characters; contains 147 characters*/
----------------------------------------------------------------------


FILE: ...ds/git_projects/edwiser-bridge/edwiser-bridge/edwiser-bridge.php
----------------------------------------------------------------------
FOUND 0 ERRORS AND 3 WARNINGS AFFECTING 3 LINES
----------------------------------------------------------------------
  1 | WARNING | A file should declare new symbols (classes,
    |         | functions, constants, etc.) and cause no other side
    |         | effects, or it should execute logic with side
    |         | effects, but should not do both. The first symbol is
    |         | defined on line 33 and the first side effect is on
    |         | line 26.
 /*14 | WARNING | Line exceeds 120 characters; contains 324 characters
  74| WARNING | Line exceeds 120 characters; contains 222 characters*/
----------------------------------------------------------------------


FILE: ...cts/edwiser-bridge/edwiser-bridge/admin/class-eb-admin-menus.php
----------------------------------------------------------------------
FOUND 10 ERRORS AND 6 WARNINGS AFFECTING 15 LINES
----------------------------------------------------------------------
   1 | WARNING | A file should declare new symbols (classes,
     |         | functions, constants, etc.) and cause no other side
     |         | effects, or it should execute logic with side
     |         | effects, but should not do both. The first symbol is
     |         | defined on line 21 and the first side effect is on
     |         | line 15.
  21 | ERROR   | Each class must be in a namespace of at least one
     |         | level (a top-level vendor name)
  /*21 | ERROR   | Class name "EB_Admin_Menus" is not in camel caps
     |         | format
  45 | ERROR   | Method name "EB_Admin_Menus::admin_menu" is not in
     |         | camel caps format
  54 | WARNING | Line exceeds 120 characters; contains 171 characters
  78 | WARNING | Line exceeds 120 characters; contains 149 characters
  91 | ERROR   | Method name
     |         | "EB_Admin_Menus::add_menu_page_taxonomy_fix" is not
     |         | in camel caps format
 114 | ERROR   | Method name "EB_Admin_Menus::settings_menu" is not
     |         | in camel caps format
 116 | WARNING | Line exceeds 120 characters; contains 195 characters
 124 | ERROR   | Method name "EB_Admin_Menus::extensions_menu" is not
     |         | in camel caps format
 126 | WARNING | Line exceeds 120 characters; contains 205 characters
 134 | ERROR   | Method name "EB_Admin_Menus::help_menu" is not in
     |         | camel caps format
 138 | WARNING | Line exceeds 120 characters; contains 146 characters
 147 | ERROR   | Method name "EB_Admin_Menus::open_help_menu_new_tab"
     |         | is not in camel caps format
 164 | ERROR   | Method name "EB_Admin_Menus::settings_page" is not
     |         | in camel caps format
 172 | ERROR   | Method name "EB_Admin_Menus::extensions_page" is not
     |         | in camel caps format*/
----------------------------------------------------------------------


FILE: ...dge/edwiser-bridge/admin/partials/html-admin-page-extensions.php
----------------------------------------------------------------------
FOUND 0 ERRORS AND 3 WARNINGS AFFECTING 3 LINES
----------------------------------------------------------------------
 /*15 | WARNING | Line exceeds 120 characters; contains 150 characters
 47 | WARNING | Line exceeds 120 characters; contains 147 characters
 53 | WARNING | Line exceeds 120 characters; contains 210 characters*/
----------------------------------------------------------------------


FILE: ...ser-bridge/edwiser-bridge/admin/partials/html-admin-settings.php
----------------------------------------------------------------------
FOUND 0 ERRORS AND 2 WARNINGS AFFECTING 2 LINES
----------------------------------------------------------------------
 /*22 | WARNING | Line exceeds 120 characters; contains 185 characters
 37 | WARNING | Line exceeds 120 characters; contains 132 characters*/
----------------------------------------------------------------------


FILE: .../edwiser-bridge/edwiser-bridge/admin/class-eb-admin-settings.php
----------------------------------------------------------------------
FOUND 10 ERRORS AND 14 WARNINGS AFFECTING 23 LINES
----------------------------------------------------------------------
   1 | WARNING | A file should declare new symbols (classes,
     |         | functions, constants, etc.) and cause no other side
     |         | effects, or it should execute logic with side
     |         | effects, but should not do both. The first symbol is
     |         | defined on line 22 and the first side effect is on
     |         | line 15.
  22 | ERROR   | Each class must be in a namespace of at least one
     |         | level (a top-level vendor name)
  /*22 | ERROR   | Class name "EB_Admin_Settings" is not in camel caps
     |         | format
  31 | ERROR   | Method name "EB_Admin_Settings::get_settings_pages"
     |         | is not in camel caps format
  81 | ERROR   | Method name "EB_Admin_Settings::add_message" is not
     |         | in camel caps format
  92 | ERROR   | Method name "EB_Admin_Settings::add_error" is not in
     |         | camel caps format
 103 | ERROR   | Method name "EB_Admin_Settings::show_messages" is
     |         | not in camel caps format
 111 | WARNING | Line exceeds 120 characters; contains 123 characters
 168 | ERROR   | Method name "EB_Admin_Settings::get_option" is not
     |         | in camel caps format
 194 | ERROR   | Method name "EB_Admin_Settings::output_fields" is
     |         | not in camel caps format
 279 | WARNING | Line exceeds 120 characters; contains 221 characters
 283 | WARNING | Line exceeds 120 characters; contains 131 characters
 308 | WARNING | Line exceeds 120 characters; contains 131 characters
 357 | WARNING | Line exceeds 120 characters; contains 131 characters
 362 | WARNING | Line exceeds 120 characters; contains 123 characters
 395 | WARNING | Line exceeds 120 characters; contains 131 characters
 468 | WARNING | Line exceeds 120 characters; contains 140 characters
 514 | WARNING | Line exceeds 120 characters; contains 135 characters
 516 | WARNING | Line exceeds 120 characters; contains 254 characters
 538 | ERROR   | Method name "EB_Admin_Settings::save_fields" is not
     |         | in camel caps format
 561 | WARNING | Line exceeds 120 characters; contains 136 characters
 639 | ERROR   | Method name
     |         | "EB_Admin_Settings::get_field_description" is not in
     |         | camel caps format
 658 | WARNING | Line exceeds 120 characters; contains 176 characters
 668 | WARNING | Line exceeds 120 characters; contains 168 characters*/
----------------------------------------------------------------------


FILE: ..._projects/edwiser-bridge/edwiser-bridge/admin/class-eb-admin.php
----------------------------------------------------------------------
FOUND 4 ERRORS AND 5 WARNINGS AFFECTING 8 LINES
----------------------------------------------------------------------
 16 | ERROR   | Each class must be in a namespace of at least one
    |         | level (a top-level vendor name)
 /*16 | ERROR   | Class name "EB_Admin" is not in camel caps format
 54 | ERROR   | Method name "EB_Admin::admin_enqueue_styles" is not
    |         | in camel caps format
 67 | WARNING | Line exceeds 120 characters; contains 126 characters
 68 | WARNING | Line exceeds 120 characters; contains 125 characters
 76 | ERROR   | Method name "EB_Admin::admin_enqueue_scripts" is not
    |         | in camel caps format
 89 | WARNING | Line exceeds 120 characters; contains 135 characters
 90 | WARNING | Line exceeds 120 characters; contains 240 characters
 92 | WARNING | Line exceeds 120 characters; contains 149 characters*/
----------------------------------------------------------------------


FILE: ...ridge/edwiser-bridge/admin/settings/class-eb-settings-paypal.php
----------------------------------------------------------------------
FOUND 3 ERRORS AND 1 WARNING AFFECTING 3 LINES
----------------------------------------------------------------------
  1 | WARNING | A file should declare new symbols (classes,
    |         | functions, constants, etc.) and cause no other side
    |         | effects, or it should execute logic with side
    |         | effects, but should not do both. The first symbol is
    |         | defined on line 22 and the first side effect is on
    |         | line 15.
 22 | ERROR   | Each class must be in a namespace of at least one
    |         | level (a top-level vendor name)
 /*22 | ERROR   | Class name "EB_Settings_PayPal" is not in camel caps
    |         | format
 70 | ERROR   | Method name "EB_Settings_PayPal::get_settings" is not
    |         | in camel caps format*/
----------------------------------------------------------------------


FILE: ...ge/edwiser-bridge/admin/settings/class-eb-settings-licensing.php
----------------------------------------------------------------------
FOUND 3 ERRORS AND 2 WARNINGS AFFECTING 4 LINES
----------------------------------------------------------------------
  1 | WARNING | A file should declare new symbols (classes,
    |         | functions, constants, etc.) and cause no other side
    |         | effects, or it should execute logic with side
    |         | effects, but should not do both. The first symbol is
    |         | defined on line 21 and the first side effect is on
    |         | line 14.
 21 | ERROR   | Each class must be in a namespace of at least one
    |         | level (a top-level vendor name)
 /*21 | ERROR   | Class name "EB_Settings_Licensing" is not in camel
    |         | caps format
 52 | WARNING | Line exceeds 120 characters; contains 123 characters
 62 | ERROR   | Method name "EB_Settings_Licensing::get_settings" is
    |         | not in camel caps format*/
----------------------------------------------------------------------


FILE: ...-bridge/edwiser-bridge/admin/settings/class-eb-settings-page.php
----------------------------------------------------------------------
FOUND 6 ERRORS AND 2 WARNINGS AFFECTING 7 LINES
----------------------------------------------------------------------
  1 | WARNING | A file should declare new symbols (classes,
    |         | functions, constants, etc.) and cause no other side
    |         | effects, or it should execute logic with side
    |         | effects, but should not do both. The first symbol is
    |         | defined on line 22 and the first side effect is on
    |         | line 15.
 22 | ERROR   | Each class must be in a namespace of at least one
    |         | level (a top-level vendor name)
 22 | ERROR   | Class name "EB_Settings_Page" is not in camel caps
    |         | format
 43 | ERROR   | Method name "EB_Settings_Page::add_settings_page" is
    |         | not in camel caps format
 56 | ERROR   | Method name "EB_Settings_Page::get_settings" is not
    |         | in camel caps format
 67 | ERROR   | Method name "EB_Settings_Page::get_sections" is not
    |         | in camel caps format
 77 | ERROR   | Method name "EB_Settings_Page::output_sections" is
    |         | not in camel caps format
 92 | WARNING | Line exceeds 120 characters; contains 267 characters
----------------------------------------------------------------------


FILE: ...iser-bridge/admin/settings/class-eb-settings-synchronization.php
----------------------------------------------------------------------
FOUND 4 ERRORS AND 1 WARNING AFFECTING 4 LINES
----------------------------------------------------------------------
  1 | WARNING | A file should declare new symbols (classes,
    |         | functions, constants, etc.) and cause no other side
    |         | effects, or it should execute logic with side
    |         | effects, but should not do both. The first symbol is
    |         | defined on line 22 and the first side effect is on
    |         | line 15.
 22 | ERROR   | Each class must be in a namespace of at least one
    |         | level (a top-level vendor name)
 22 | ERROR   | Class name "EB_Settings_Synchronization" is not in
    |         | camel caps format
 44 | ERROR   | Method name
    |         | "EB_Settings_Synchronization::get_sections" is not in
    |         | camel caps format
 90 | ERROR   | Method name
    |         | "EB_Settings_Synchronization::get_settings" is not in
    |         | camel caps format
----------------------------------------------------------------------


FILE: ...e/edwiser-bridge/admin/settings/class-eb-settings-connection.php
----------------------------------------------------------------------
FOUND 3 ERRORS AND 2 WARNINGS AFFECTING 4 LINES
----------------------------------------------------------------------
  1 | WARNING | A file should declare new symbols (classes,
    |         | functions, constants, etc.) and cause no other side
    |         | effects, or it should execute logic with side
    |         | effects, but should not do both. The first symbol is
    |         | defined on line 22 and the first side effect is on
    |         | line 15.
 22 | ERROR   | Each class must be in a namespace of at least one
    |         | level (a top-level vendor name)
 22 | ERROR   | Class name "EB_Settings_Connection" is not in camel
    |         | caps format
 70 | ERROR   | Method name "EB_Settings_Connection::get_settings" is
    |         | not in camel caps format
 81 | WARNING | Line exceeds 120 characters; contains 130 characters
----------------------------------------------------------------------


FILE: ...idge/edwiser-bridge/admin/settings/class-eb-settings-general.php
----------------------------------------------------------------------
FOUND 3 ERRORS AND 5 WARNINGS AFFECTING 7 LINES
----------------------------------------------------------------------
  1 | WARNING | A file should declare new symbols (classes,
    |         | functions, constants, etc.) and cause no other side
    |         | effects, or it should execute logic with side
    |         | effects, but should not do both. The first symbol is
    |         | defined on line 22 and the first side effect is on
    |         | line 15.
 22 | ERROR   | Each class must be in a namespace of at least one
    |         | level (a top-level vendor name)
 22 | ERROR   | Class name "EB_Settings_General" is not in camel caps
    |         | format
 43 | ERROR   | Method name "EB_Settings_General::get_settings" is
    |         | not in camel caps format
 47 | WARNING | Line exceeds 120 characters; contains 135 characters
 60 | WARNING | Line exceeds 120 characters; contains 181 characters
 66 | WARNING | Line exceeds 120 characters; contains 135 characters
 71 | WARNING | Line exceeds 120 characters; contains 122 characters
----------------------------------------------------------------------


FILE: ...-bridge/edwiser-bridge/admin/settings/class-eb-settings-help.php
----------------------------------------------------------------------
FOUND 3 ERRORS AND 3 WARNINGS AFFECTING 5 LINES
----------------------------------------------------------------------
  1 | WARNING | A file should declare new symbols (classes,
    |         | functions, constants, etc.) and cause no other side
    |         | effects, or it should execute logic with side
    |         | effects, but should not do both. The first symbol is
    |         | defined on line 22 and the first side effect is on
    |         | line 15.
 22 | ERROR   | Each class must be in a namespace of at least one
    |         | level (a top-level vendor name)
 22 | ERROR   | Class name "EB_Settings_Get_Help" is not in camel
    |         | caps format
 58 | ERROR   | Method name "EB_Settings_Get_Help::user_help_handler"
    |         | is not in camel caps format
 62 | WARNING | Line exceeds 120 characters; contains 129 characters
 73 | WARNING | Line exceeds 120 characters; contains 132 characters
----------------------------------------------------------------------


FILE: ...ects/edwiser-bridge/edwiser-bridge/admin/class-eb-extensions.php
----------------------------------------------------------------------
FOUND 2 ERRORS AND 2 WARNINGS AFFECTING 3 LINES
----------------------------------------------------------------------
  1 | WARNING | A file should declare new symbols (classes,
    |         | functions, constants, etc.) and cause no other side
    |         | effects, or it should execute logic with side
    |         | effects, but should not do both. The first symbol is
    |         | defined on line 23 and the first side effect is on
    |         | line 17.
 23 | ERROR   | Each class must be in a namespace of at least one
    |         | level (a top-level vendor name)
 23 | ERROR   | Class name "EB_Admin_Extensions" is not in camel caps
    |         | format
 31 | WARNING | Line exceeds 120 characters; contains 157 characters
----------------------------------------------------------------------


FILE: ...-bridge/edwiser-bridge/admin/assets/js/jquery.tipTip.minified.js
----------------------------------------------------------------------
FOUND 0 ERRORS AND 1 WARNING AFFECTING 1 LINE
----------------------------------------------------------------------
 1 | WARNING | File appears to be minified and cannot be processed
----------------------------------------------------------------------


FILE: ...rojects/edwiser-bridge/edwiser-bridge/admin/class-eb-welcome.php
----------------------------------------------------------------------
FOUND 7 ERRORS AND 9 WARNINGS AFFECTING 15 LINES
----------------------------------------------------------------------
   1 | WARNING | A file should declare new symbols (classes,
     |         | functions, constants, etc.) and cause no other side
     |         | effects, or it should execute logic with side
     |         | effects, but should not do both. The first symbol is
     |         | defined on line 25 and the first side effect is on
     |         | line 19.
  25 | ERROR   | Each class must be in a namespace of at least one
     |         | level (a top-level vendor name)
  25 | ERROR   | Class name "EB_Welcome_Screen" is not in camel caps
     |         | format
  41 | ERROR   | Method name "EB_Welcome_Screen::admin_menus" is not
     |         | in camel caps format
  52 | WARNING | Line exceeds 120 characters; contains 148 characters
  62 | ERROR   | Method name "EB_Welcome_Screen::admin_head" is not
     |         | in camel caps format
 227 | ERROR   | Method name "EB_Welcome_Screen::welcome_screen" is
     |         | not in camel caps format
 237 | WARNING | Line exceeds 120 characters; contains 209 characters
 241 | WARNING | Line exceeds 120 characters; contains 133 characters
 245 | WARNING | Line exceeds 120 characters; contains 155 characters
 247 | WARNING | Line exceeds 120 characters; contains 127 characters
 293 | ERROR   | Method name "EB_Welcome_Screen::welcome_handler" is
     |         | not in camel caps format
 309 | WARNING | Line exceeds 120 characters; contains 138 characters
 325 | ERROR   | Method name "EB_Welcome_Screen::subscribe_handler"
     |         | is not in camel caps format
 330 | WARNING | Line exceeds 120 characters; contains 125 characters
 341 | WARNING | Line exceeds 120 characters; contains 128 characters
----------------------------------------------------------------------


FILE: ...bridge/edwiser-bridge/admin/class-eb-settings-ajax-initiater.php
----------------------------------------------------------------------
FOUND 5 ERRORS AND 2 WARNINGS AFFECTING 6 LINES
----------------------------------------------------------------------
  13 | ERROR   | Each class must be in a namespace of at least one
     |         | level (a top-level vendor name)
  13 | ERROR   | Class name "EB_Settings_Ajax_Initiater" is not in
     |         | camel caps format
  22 | WARNING | Property name "$__plugin_name" should not be
     |         | prefixed with an underscore to indicate visibility
  31 | WARNING | Property name "$__version" should not be prefixed
     |         | with an underscore to indicate visibility
  47 | ERROR   | Method name
     |         | "EB_Settings_Ajax_Initiater::course_synchronization_initiater"
     |         | is not in camel caps format
  75 | ERROR   | Method name
     |         | "EB_Settings_Ajax_Initiater::user_data_synchronization_initiater"
     |         | is not in camel caps format
 106 | ERROR   | Method name
     |         | "EB_Settings_Ajax_Initiater::connection_test_initiater"
     |         | is not in camel caps format
----------------------------------------------------------------------


FILE: ...wiser-bridge/edwiser-bridge/includes/emails/class-eb-emailer.php
----------------------------------------------------------------------
FOUND 9 ERRORS AND 8 WARNINGS AFFECTING 16 LINES
----------------------------------------------------------------------
  13 | ERROR   | Each class must be in a namespace of at least one
     |         | level (a top-level vendor name)
  13 | ERROR   | Class name "EB_Emailer" is not in camel caps format
  55 | ERROR   | Method name "EB_Emailer::get_email_header" is not in
     |         | camel caps format
  65 | ERROR   | Method name "EB_Emailer::get_email_footer" is not in
     |         | camel caps format
  79 | ERROR   | Method name "EB_Emailer::send_new_user_email" is not
     |         | in camel caps format
 106 | ERROR   | Method name
     |         | "EB_Emailer::send_existing_user_moodle_account_email"
     |         | is not in camel caps format
 114 | WARNING | Line exceeds 120 characters; contains 135 characters
 132 | ERROR   | Method name
     |         | "EB_Emailer::send_order_completion_email" is not in
     |         | camel caps format
 139 | WARNING | Line exceeds 120 characters; contains 127 characters
 147 | WARNING | Line exceeds 120 characters; contains 124 characters
 159 | WARNING | Line exceeds 120 characters; contains 136 characters
 184 | ERROR   | Method name "EB_Emailer::mailer_css" is not in camel
     |         | caps format
 186 | WARNING | Line exceeds 120 characters; contains 217 characters
 187 | WARNING | Line exceeds 120 characters; contains 123 characters
 189 | WARNING | Line exceeds 120 characters; contains 152 characters
 190 | WARNING | Line exceeds 120 characters; contains 125 characters
 205 | ERROR   | Method name "EB_Emailer::get_content_html" is not in
     |         | camel caps format
----------------------------------------------------------------------


FILE: ...cts/edwiser-bridge/edwiser-bridge/includes/eb-core-functions.php
----------------------------------------------------------------------
FOUND 0 ERRORS AND 3 WARNINGS AFFECTING 3 LINES
----------------------------------------------------------------------
  48 | WARNING | Line exceeds 120 characters; contains 173 characters
  51 | WARNING | Line exceeds 120 characters; contains 153 characters
 107 | WARNING | Line exceeds 120 characters; contains 132 characters
----------------------------------------------------------------------


FILE: ...r-bridge/edwiser-bridge/includes/class-eb-enrollment-manager.php
----------------------------------------------------------------------
FOUND 6 ERRORS AND 6 WARNINGS AFFECTING 11 LINES
----------------------------------------------------------------------
  13 | ERROR   | Each class must be in a namespace of at least one
     |         | level (a top-level vendor name)
  13 | ERROR   | Class name "EB_Enrollment_Manager" is not in camel
     |         | caps format
  39 | WARNING | Property name "$_instance" should not be prefixed
     |         | with an underscore to indicate visibility
  94 | ERROR   | Method name
     |         | "EB_Enrollment_Manager::update_user_course_enrollment"
     |         | is not in camel caps format
 115 | WARNING | Line exceeds 120 characters; contains 167 characters
 161 | WARNING | Line exceeds 120 characters; contains 125 characters
 196 | ERROR   | Method name
     |         | "EB_Enrollment_Manager::update_enrollment_record_wordpress"
     |         | is not in camel caps format
 219 | WARNING | Line exceeds 120 characters; contains 149 characters
 255 | ERROR   | Method name
     |         | "EB_Enrollment_Manager::delete_user_enrollment_record"
     |         | is not in camel caps format
 260 | WARNING | Line exceeds 120 characters; contains 148 characters
 275 | ERROR   | Method name
     |         | "EB_Enrollment_Manager::user_has_course_access" is
     |         | not in camel caps format
 285 | WARNING | Line exceeds 120 characters; contains 142 characters
----------------------------------------------------------------------


FILE: ...dwiser-bridge/edwiser-bridge/includes/class-eb-order-manager.php
----------------------------------------------------------------------
FOUND 11 ERRORS AND 4 WARNINGS AFFECTING 14 LINES
----------------------------------------------------------------------
  13 | ERROR   | Each class must be in a namespace of at least one
     |         | level (a top-level vendor name)
  13 | ERROR   | Class name "EB_Order_Manager" is not in camel caps
     |         | format
  39 | WARNING | Property name "$_instance" should not be prefixed
     |         | with an underscore to indicate visibility
  92 | ERROR   | Method name "EB_Order_Manager::get_order_status" is
     |         | not in camel caps format
 108 | ERROR   | Method name "EB_Order_Manager::get_order_details" is
     |         | not in camel caps format
 150 | ERROR   | Method name
     |         | "EB_Order_Manager::update_order_status_on_order_save"
     |         | is not in camel caps format
 174 | ERROR   | Method name "EB_Order_Manager::update_order_status"
     |         | is not in camel caps format
 209 | ERROR   | Method name "EB_Order_Manager::create_new_order" is
     |         | not in camel caps format
 231 | WARNING | Line exceeds 120 characters; contains 161 characters
 235 | WARNING | Line exceeds 120 characters; contains 154 characters
 258 | ERROR   | Method name
     |         | "EB_Order_Manager::create_new_order_ajax_wrapper" is
     |         | not in camel caps format
 302 | ERROR   | Method name
     |         | "EB_Order_Manager::enroll_to_course_on_order_complete"
     |         | is not in camel caps format
 341 | WARNING | Line exceeds 120 characters; contains 122 characters
 353 | ERROR   | Method name
     |         | "EB_Order_Manager::add_order_status_column" is not
     |         | in camel caps format
 378 | ERROR   | Method name
     |         | "EB_Order_Manager::add_order_status_column_content"
     |         | is not in camel caps format
----------------------------------------------------------------------


FILE: ...git_projects/edwiser-bridge/edwiser-bridge/includes/class-eb.php
----------------------------------------------------------------------
FOUND 20 ERRORS AND 25 WARNINGS AFFECTING 45 LINES
----------------------------------------------------------------------
  21 | ERROR   | Each class must be in a namespace of at least one
     |         | level (a top-level vendor name)
  48 | WARNING | Property name "$_instance" should not be prefixed
     |         | with an underscore to indicate visibility
 124 | ERROR   | Method name "EdwiserBridge::define_constants" is not
     |         | in camel caps format
 186 | ERROR   | Method name "EdwiserBridge::load_dependencies" is
     |         | not in camel caps format
 272 | ERROR   | Method name "EdwiserBridge::admin_dependencies" is
     |         | not in camel caps format
 305 | ERROR   | Method name "EdwiserBridge::frontend_dependencies"
     |         | is not in camel caps format
 334 | ERROR   | Method name "EdwiserBridge::set_locale" is not in
     |         | camel caps format
 348 | ERROR   | Method name "EdwiserBridge::user_manager" is not in
     |         | camel caps format
 359 | ERROR   | Method name "EdwiserBridge::course_manager" is not
     |         | in camel caps format
 370 | ERROR   | Method name "EdwiserBridge::enrollment_manager" is
     |         | not in camel caps format
 381 | ERROR   | Method name "EdwiserBridge::order_manager" is not in
     |         | camel caps format
 392 | ERROR   | Method name "EdwiserBridge::connection_helper" is
     |         | not in camel caps format
 414 | ERROR   | Method name "EdwiserBridge::define_plugin_hooks" is
     |         | not in camel caps format
 436 | ERROR   | Method name "EdwiserBridge::define_admin_hooks" is
     |         | not in camel caps format
 448 | WARNING | Line exceeds 120 characters; contains 126 characters
 449 | WARNING | Line exceeds 120 characters; contains 149 characters
 450 | WARNING | Line exceeds 120 characters; contains 157 characters
 451 | WARNING | Line exceeds 120 characters; contains 135 characters
 461 | ERROR   | Method name "EdwiserBridge::define_user_hooks" is
     |         | not in camel caps format
 466 | WARNING | Line exceeds 120 characters; contains 131 characters
 467 | WARNING | Line exceeds 120 characters; contains 133 characters
 468 | WARNING | Line exceeds 120 characters; contains 134 characters
 476 | WARNING | Line exceeds 120 characters; contains 121 characters
 496 | ERROR   | Method name "EdwiserBridge::define_system_hooks" is
     |         | not in camel caps format
 503 | WARNING | Line exceeds 120 characters; contains 147 characters
 505 | WARNING | Line exceeds 120 characters; contains 173 characters
 508 | WARNING | Line exceeds 120 characters; contains 129 characters
 509 | WARNING | Line exceeds 120 characters; contains 121 characters
 510 | WARNING | Line exceeds 120 characters; contains 129 characters
 511 | WARNING | Line exceeds 120 characters; contains 136 characters
 512 | WARNING | Line exceeds 120 characters; contains 125 characters
 513 | WARNING | Line exceeds 120 characters; contains 139 characters
 526 | WARNING | Line exceeds 120 characters; contains 129 characters
 527 | WARNING | Line exceeds 120 characters; contains 132 characters
 528 | WARNING | Line exceeds 120 characters; contains 146 characters
 542 | ERROR   | Method name "EdwiserBridge::define_public_hooks" is
     |         | not in camel caps format
 570 | ERROR   | Method name "EdwiserBridge::define_email_hooks" is
     |         | not in camel caps format
 575 | WARNING | Line exceeds 120 characters; contains 127 characters
 576 | WARNING | Line exceeds 120 characters; contains 124 characters
 577 | WARNING | Line exceeds 120 characters; contains 131 characters
 578 | WARNING | Line exceeds 120 characters; contains 194 characters
 579 | WARNING | Line exceeds 120 characters; contains 150 characters
 600 | ERROR   | Method name "EdwiserBridge::get_plugin_name" is not
     |         | in camel caps format
 611 | ERROR   | Method name "EdwiserBridge::get_loader" is not in
     |         | camel caps format
 622 | ERROR   | Method name "EdwiserBridge::get_version" is not in
     |         | camel caps format
----------------------------------------------------------------------


FILE: ...projects/edwiser-bridge/edwiser-bridge/includes/user-profile.php
----------------------------------------------------------------------
FOUND 0 ERRORS AND 1 WARNING AFFECTING 1 LINE
----------------------------------------------------------------------
 32 | WARNING | Line exceeds 120 characters; contains 164 characters
----------------------------------------------------------------------


FILE: ...jects/edwiser-bridge/edwiser-bridge/includes/class-eb-loader.php
----------------------------------------------------------------------
FOUND 4 ERRORS AND 2 WARNINGS AFFECTING 5 LINES
----------------------------------------------------------------------
  17 | ERROR   | Each class must be in a namespace of at least one
     |         | level (a top-level vendor name)
  17 | ERROR   | Class name "EB_Loader" is not in camel caps format
  58 | ERROR   | Method name "EB_Loader::add_action" is not in camel
     |         | caps format
  73 | ERROR   | Method name "EB_Loader::add_filter" is not in camel
     |         | caps format
 113 | WARNING | Line exceeds 120 characters; contains 129 characters
 117 | WARNING | Line exceeds 120 characters; contains 129 characters
----------------------------------------------------------------------


FILE: ...s/edwiser-bridge/edwiser-bridge/includes/class-eb-post-types.php
----------------------------------------------------------------------
FOUND 11 ERRORS AND 20 WARNINGS AFFECTING 30 LINES
----------------------------------------------------------------------
  13 | ERROR   | Each class must be in a namespace of at least one
     |         | level (a top-level vendor name)
  13 | ERROR   | Class name "EB_Post_Types" is not in camel caps
     |         | format
  49 | ERROR   | Method name "EB_Post_Types::register_taxonomies" is
     |         | not in camel caps format
  88 | ERROR   | Method name "EB_Post_Types::register_post_types" is
     |         | not in camel caps format
 113 | WARNING | Line exceeds 120 characters; contains 128 characters
 185 | ERROR   | Method name "EB_Post_Types::register_meta_boxes" is
     |         | not in camel caps format
 220 | ERROR   | Method name "EB_Post_Types::post_options_callback"
     |         | is not in camel caps format
 252 | ERROR   | Method name "EB_Post_Types::populate_metabox_fields"
     |         | is not in camel caps format
 287 | WARNING | Line exceeds 120 characters; contains 127 characters
 336 | ERROR   | Method name "EB_Post_Types::render_metabox_fields"
     |         | is not in camel caps format
 373 | WARNING | Line exceeds 120 characters; contains 234 characters
 376 | WARNING | Line exceeds 120 characters; contains 189 characters
 379 | WARNING | Line exceeds 120 characters; contains 213 characters
 386 | WARNING | Line exceeds 120 characters; contains 161 characters
 394 | WARNING | Line exceeds 120 characters; contains 284 characters
 403 | WARNING | Line exceeds 120 characters; contains 279 characters
 413 | WARNING | Line exceeds 120 characters; contains 129 characters
 418 | WARNING | Line exceeds 120 characters; contains 129 characters
 424 | WARNING | Line exceeds 120 characters; contains 131 characters
 433 | WARNING | Line exceeds 120 characters; contains 127 characters
 437 | WARNING | Line exceeds 120 characters; contains 207 characters
 453 | ERROR   | Method name
     |         | "EB_Post_Types::handle_post_options_save" is not in
     |         | camel caps format
 499 | WARNING | Line exceeds 120 characters; contains 122 characters
 536 | ERROR   | Method name
     |         | "EB_Post_Types::custom_post_type_update_messages" is
     |         | not in camel caps format
 548 | WARNING | Line exceeds 120 characters; contains 163 characters
 552 | WARNING | Line exceeds 120 characters; contains 190 characters
 553 | WARNING | Line exceeds 120 characters; contains 139 characters
 555 | WARNING | Line exceeds 120 characters; contains 192 characters
 556 | WARNING | Line exceeds 120 characters; contains 243 characters
 557 | WARNING | Line exceeds 120 characters; contains 196 characters
 588 | ERROR   | Method name "EB_Post_Types::get_post_options" is not
     |         | in camel caps format
----------------------------------------------------------------------


FILE: ...ts/edwiser-bridge/edwiser-bridge/includes/class-eb-activator.php
----------------------------------------------------------------------
FOUND 5 ERRORS AFFECTING 4 LINES
----------------------------------------------------------------------
 15 | ERROR | Each class must be in a namespace of at least one level
    |       | (a top-level vendor name)
 15 | ERROR | Class name "EB_Activator" is not in camel caps format
 43 | ERROR | Method name "EB_Activator::create_moodle_db_tables" is
    |       | not in camel caps format
 68 | ERROR | Method name "EB_Activator::create_files" is not in
    |       | camel caps format
 98 | ERROR | Method name "EB_Activator::create_pages" is not in
    |       | camel caps format
----------------------------------------------------------------------


FILE: ...jects/edwiser-bridge/edwiser-bridge/includes/class-eb-logger.php
----------------------------------------------------------------------
FOUND 2 ERRORS AND 2 WARNINGS AFFECTING 3 LINES
----------------------------------------------------------------------
 14 | ERROR   | Each class must be in a namespace of at least one
    |         | level (a top-level vendor name)
 14 | ERROR   | Class name "EB_Logger" is not in camel caps format
 22 | WARNING | Property name "$_handles" should not be prefixed with
    |         | an underscore to indicate visibility
 48 | WARNING | Property name "$_instance" should not be prefixed
    |         | with an underscore to indicate visibility
----------------------------------------------------------------------


FILE: ...edwiser-bridge/edwiser-bridge/includes/class-eb-user-manager.php
----------------------------------------------------------------------
FOUND 17 ERRORS AND 26 WARNINGS AFFECTING 42 LINES
----------------------------------------------------------------------
  13 | ERROR   | Each class must be in a namespace of at least one
     |         | level (a top-level vendor name)
  13 | ERROR   | Class name "EB_User_Manager" is not in camel caps
     |         | format
  39 | WARNING | Property name "$_instance" should not be prefixed
     |         | with an underscore to indicate visibility
  91 | ERROR   | Method name "EB_User_Manager::set_user_auth_cookie"
     |         | is not in camel caps format
 113 | ERROR   | Method name
     |         | "EB_User_Manager::user_course_synchronization_handler"
     |         | is not in camel caps format
 126 | WARNING | Line exceeds 120 characters; contains 230 characters
 128 | WARNING | Line exceeds 120 characters; contains 195 characters
 134 | WARNING | Line exceeds 120 characters; contains 127 characters
 156 | WARNING | Line exceeds 120 characters; contains 131 characters
 157 | WARNING | Line exceeds 120 characters; contains 163 characters
 161 | WARNING | Line exceeds 120 characters; contains 122 characters
 162 | WARNING | Line exceeds 120 characters; contains 157 characters
 168 | WARNING | Line exceeds 120 characters; contains 229 characters
 203 | WARNING | Line exceeds 120 characters; contains 141 characters
 217 | ERROR   | Method name "EB_User_Manager::create_wordpress_user"
     |         | is not in camel caps format
 226 | WARNING | Line exceeds 120 characters; contains 150 characters
 267 | WARNING | Line exceeds 120 characters; contains 226 characters
 277 | WARNING | Line exceeds 120 characters; contains 125 characters
 298 | WARNING | Line exceeds 120 characters; contains 135 characters
 342 | ERROR   | Method name
     |         | "EB_User_Manager::is_moodle_username_available" is
     |         | not in camel caps format
 375 | ERROR   | Method name "EB_User_Manager::get_moodle_user" is
     |         | not in camel caps format
 394 | WARNING | Line exceeds 120 characters; contains 124 characters
 423 | ERROR   | Method name "EB_User_Manager::create_moodle_user" is
     |         | not in camel caps format
 472 | WARNING | Line exceeds 120 characters; contains 126 characters
 480 | WARNING | Line exceeds 120 characters; contains 128 characters
 513 | ERROR   | Method name "EB_User_Manager::link_moodle_user" is
     |         | not in camel caps format
 531 | WARNING | Line exceeds 120 characters; contains 129 characters
 535 | WARNING | Line exceeds 120 characters; contains 129 characters
 555 | WARNING | Line exceeds 120 characters; contains 135 characters
 587 | ERROR   | Method name
     |         | "EB_User_Manager::link_user_bulk_actions" is not in
     |         | camel caps format
 596 | WARNING | Line exceeds 120 characters; contains 147 characters
 597 | WARNING | Line exceeds 120 characters; contains 148 characters
 598 | WARNING | Line exceeds 120 characters; contains 151 characters
 599 | WARNING | Line exceeds 120 characters; contains 152 characters
 612 | WARNING | Line exceeds 120 characters; contains 129 characters
 618 | ERROR   | Method name
     |         | "EB_User_Manager::link_user_bulk_actions_handler" is
     |         | not in camel caps format
 681 | ERROR   | Method name
     |         | "EB_User_Manager::link_user_bulk_actions_notices" is
     |         | not in camel caps format
 689 | WARNING | Line exceeds 120 characters; contains 121 characters
 709 | ERROR   | Method name "EB_User_Manager::password_update" is
     |         | not in camel caps format
 756 | ERROR   | Method name "EB_User_Manager::password_reset" is not
     |         | in camel caps format
 788 | ERROR   | Method name
     |         | "EB_User_Manager::display_users_enrolled_courses" is
     |         | not in camel caps format
 873 | ERROR   | Method name
     |         | "EB_User_Manager::update_courses_on_profile_update"
     |         | is not in camel caps format
 918 | ERROR   | Method name
     |         | "EB_User_Manager::delete_enrollment_records_on_user_deletion"
     |         | is not in camel caps format
----------------------------------------------------------------------


FILE: ...wiser-bridge/edwiser-bridge/includes/payments/eb-ipnlistener.php
----------------------------------------------------------------------
FOUND 2 ERRORS AFFECTING 1 LINE
----------------------------------------------------------------------
 16 | ERROR | Each class must be in a namespace of at least one level
    |       | (a top-level vendor name)
 16 | ERROR | Class name "EB_IpnListener" is not in camel caps format
----------------------------------------------------------------------


FILE: .../edwiser-bridge/includes/payments/enhanced-paypal-shortcodes.php
----------------------------------------------------------------------
FOUND 0 ERRORS AND 44 WARNINGS AFFECTING 44 LINES
----------------------------------------------------------------------
   1 | WARNING | A file should declare new symbols (classes,
     |         | functions, constants, etc.) and cause no other side
     |         | effects, or it should execute logic with side
     |         | effects, but should not do both. The first symbol is
     |         | defined on line 29 and the first side effect is on
     |         | line 885.
   7 | WARNING | Line exceeds 120 characters; contains 180 characters
   9 | WARNING | Line exceeds 120 characters; contains 126 characters
  44 | WARNING | Line exceeds 120 characters; contains 135 characters
  89 | WARNING | Line exceeds 120 characters; contains 129 characters
  92 | WARNING | Line exceeds 120 characters; contains 126 characters
  98 | WARNING | Line exceeds 120 characters; contains 181 characters
 101 | WARNING | Line exceeds 120 characters; contains 143 characters
 103 | WARNING | Line exceeds 120 characters; contains 171 characters
 110 | WARNING | Line exceeds 120 characters; contains 122 characters
 112 | WARNING | Line exceeds 120 characters; contains 293 characters
 115 | WARNING | Line exceeds 120 characters; contains 317 characters
 118 | WARNING | Line exceeds 120 characters; contains 148 characters
 161 | WARNING | Line exceeds 120 characters; contains 237 characters
 167 | WARNING | Line exceeds 120 characters; contains 135 characters
 170 | WARNING | Line exceeds 120 characters; contains 146 characters
 184 | WARNING | Line exceeds 120 characters; contains 194 characters
 203 | WARNING | Line exceeds 120 characters; contains 134 characters
 219 | WARNING | Line exceeds 120 characters; contains 279 characters
 227 | WARNING | Line exceeds 120 characters; contains 437 characters
 230 | WARNING | Line exceeds 120 characters; contains 437 characters
 236 | WARNING | Line exceeds 120 characters; contains 461 characters
 239 | WARNING | Line exceeds 120 characters; contains 148 characters
 240 | WARNING | Line exceeds 120 characters; contains 169 characters
 303 | WARNING | Line exceeds 120 characters; contains 126 characters
 304 | WARNING | Line exceeds 120 characters; contains 122 characters
 305 | WARNING | Line exceeds 120 characters; contains 148 characters
 306 | WARNING | Line exceeds 120 characters; contains 148 characters
 307 | WARNING | Line exceeds 120 characters; contains 169 characters
 398 | WARNING | Line exceeds 120 characters; contains 121 characters
 404 | WARNING | Line exceeds 120 characters; contains 135 characters
 406 | WARNING | Line exceeds 120 characters; contains 137 characters
 531 | WARNING | Line exceeds 120 characters; contains 139 characters
 534 | WARNING | Line exceeds 120 characters; contains 121 characters
 540 | WARNING | Line exceeds 120 characters; contains 239 characters
 542 | WARNING | Line exceeds 120 characters; contains 138 characters
 728 | WARNING | Line exceeds 120 characters; contains 121 characters
 734 | WARNING | Line exceeds 120 characters; contains 239 characters
 736 | WARNING | Line exceeds 120 characters; contains 137 characters
 738 | WARNING | Line exceeds 120 characters; contains 138 characters
 867 | WARNING | Line exceeds 120 characters; contains 121 characters
 873 | WARNING | Line exceeds 120 characters; contains 174 characters
 875 | WARNING | Line exceeds 120 characters; contains 137 characters
 877 | WARNING | Line exceeds 120 characters; contains 138 characters
----------------------------------------------------------------------


FILE: ...jects/edwiser-bridge/edwiser-bridge/includes/payments/eb-ipn.php
----------------------------------------------------------------------
FOUND 0 ERRORS AND 13 WARNINGS AFFECTING 13 LINES
----------------------------------------------------------------------
  25 | WARNING | Line exceeds 120 characters; contains 121 characters
  63 | WARNING | Line exceeds 120 characters; contains 141 characters
  84 | WARNING | Line exceeds 120 characters; contains 165 characters
  88 | WARNING | Line exceeds 120 characters; contains 127 characters
  95 | WARNING | Line exceeds 120 characters; contains 152 characters
 115 | WARNING | Line exceeds 120 characters; contains 135 characters
 120 | WARNING | Line exceeds 120 characters; contains 138 characters
 145 | WARNING | Line exceeds 120 characters; contains 144 characters
 149 | WARNING | Line exceeds 120 characters; contains 164 characters
 159 | WARNING | Line exceeds 120 characters; contains 192 characters
 165 | WARNING | Line exceeds 120 characters; contains 191 characters
 172 | WARNING | Line exceeds 120 characters; contains 122 characters
 200 | WARNING | Line exceeds 120 characters; contains 123 characters
----------------------------------------------------------------------


FILE: ...ge/edwiser-bridge/includes/payments/class-eb-payment-manager.php
----------------------------------------------------------------------
FOUND 7 ERRORS AND 13 WARNINGS AFFECTING 19 LINES
----------------------------------------------------------------------
  13 | ERROR   | Each class must be in a namespace of at least one
     |         | level (a top-level vendor name)
  13 | ERROR   | Class name "EB_Payment_Manager" is not in camel caps
     |         | format
  49 | ERROR   | Method name
     |         | "EB_Payment_Manager::paypal_rewrite_rules" is not in
     |         | camel caps format
  51 | WARNING | Line exceeds 120 characters; contains 122 characters
  60 | ERROR   | Method name "EB_Payment_Manager::add_query_vars" is
     |         | not in camel caps format
  72 | ERROR   | Method name "EB_Payment_Manager::parse_ipn_request"
     |         | is not in camel caps format
  87 | ERROR   | Method name
     |         | "EB_Payment_Manager::access_course_button" is not in
     |         | camel caps format
 111 | WARNING | Line exceeds 120 characters; contains 172 characters
 127 | ERROR   | Method name "EB_Payment_Manager::take_course_button"
     |         | is not in camel caps format
 151 | WARNING | Line exceeds 120 characters; contains 128 characters
 152 | WARNING | Line exceeds 120 characters; contains 128 characters
 166 | WARNING | Line exceeds 120 characters; contains 179 characters
 174 | WARNING | Line exceeds 120 characters; contains 166 characters
 196 | WARNING | Line exceeds 120 characters; contains 179 characters
 202 | WARNING | Line exceeds 120 characters; contains 160 characters
 205 | WARNING | Line exceeds 120 characters; contains 149 characters
 209 | WARNING | Line exceeds 120 characters; contains 125 characters
 214 | WARNING | Line exceeds 120 characters; contains 520 characters
 224 | WARNING | Line exceeds 120 characters; contains 130 characters
 228 | WARNING | Line exceeds 120 characters; contains 126 characters
----------------------------------------------------------------------


FILE: ...ridge/edwiser-bridge/includes/api/class-eb-connection-helper.php
----------------------------------------------------------------------
FOUND 6 ERRORS AND 8 WARNINGS AFFECTING 13 LINES
----------------------------------------------------------------------
  13 | ERROR   | Each class must be in a namespace of at least one
     |         | level (a top-level vendor name)
  13 | ERROR   | Class name "EB_Connection_Helper" is not in camel
     |         | caps format
  39 | WARNING | Property name "$_instance" should not be prefixed
     |         | with an underscore to indicate visibility
 101 | ERROR   | Method name
     |         | "EB_Connection_Helper::connection_timeout_extender"
     |         | is not in camel caps format
 116 | ERROR   | Method name
     |         | "EB_Connection_Helper::connection_test_helper" is
     |         | not in camel caps format
 124 | WARNING | Line exceeds 120 characters; contains 147 characters
 132 | WARNING | Line exceeds 120 characters; contains 125 characters
 158 | ERROR   | Method name
     |         | "EB_Connection_Helper::connect_moodle_helper" is not
     |         | in camel caps format
 164 | WARNING | Line exceeds 120 characters; contains 165 characters
 172 | WARNING | Line exceeds 120 characters; contains 125 characters
 187 | WARNING | Line exceeds 120 characters; contains 122 characters
 190 | ERROR   | Method name
     |         | "EB_Connection_Helper::connect_moodle_with_args_helper"
     |         | is not in camel caps format
 196 | WARNING | Line exceeds 120 characters; contains 165 characters
 224 | WARNING | Line exceeds 120 characters; contains 122 characters
----------------------------------------------------------------------


FILE: .../edwiser-bridge/edwiser-bridge/includes/class-eb-deactivator.php
----------------------------------------------------------------------
FOUND 2 ERRORS AFFECTING 1 LINE
----------------------------------------------------------------------
 15 | ERROR | Each class must be in a namespace of at least one level
    |       | (a top-level vendor name)
 15 | ERROR | Class name "EB_Deactivator" is not in camel caps format
----------------------------------------------------------------------


FILE: ...wiser-bridge/edwiser-bridge/includes/class-eb-course-manager.php
----------------------------------------------------------------------
FOUND 13 ERRORS AND 12 WARNINGS AFFECTING 24 LINES
----------------------------------------------------------------------
  13 | ERROR   | Each class must be in a namespace of at least one
     |         | level (a top-level vendor name)
  13 | ERROR   | Class name "EB_Course_Manager" is not in camel caps
     |         | format
  39 | WARNING | Property name "$_instance" should not be prefixed
     |         | with an underscore to indicate visibility
  96 | ERROR   | Method name
     |         | "EB_Course_Manager::course_synchronization_handler"
     |         | is not in camel caps format
 153 | WARNING | Line exceeds 120 characters; contains 164 characters
 154 | WARNING | Line exceeds 120 characters; contains 129 characters
 170 | WARNING | Line exceeds 120 characters; contains 143 characters
 184 | ERROR   | Method name "EB_Course_Manager::get_moodle_courses"
     |         | is not in camel caps format
 192 | WARNING | Line exceeds 120 characters; contains 131 characters
 212 | ERROR   | Method name
     |         | "EB_Course_Manager::get_moodle_course_categories" is
     |         | not in camel caps format
 229 | ERROR   | Method name "EB_Course_Manager::is_course_presynced"
     |         | is not in camel caps format
 234 | WARNING | Line exceeds 120 characters; contains 167 characters
 245 | ERROR   | Method name
     |         | "EB_Course_Manager::get_moodle_course_id" is not in
     |         | camel caps format
 256 | ERROR   | Method name
     |         | "EB_Course_Manager::create_course_on_wordpress" is
     |         | not in camel caps format
 260 | WARNING | Line exceeds 120 characters; contains 153 characters
 262 | WARNING | Line exceeds 120 characters; contains 166 characters
 267 | WARNING | Line exceeds 120 characters; contains 163 characters
 299 | ERROR   | Method name
     |         | "EB_Course_Manager::update_course_on_wordpress" is
     |         | not in camel caps format
 302 | WARNING | Line exceeds 120 characters; contains 144 characters
 308 | WARNING | Line exceeds 120 characters; contains 163 characters
 335 | ERROR   | Method name
     |         | "EB_Course_Manager::delete_enrollment_records_on_course_deletion"
     |         | is not in camel caps format
 353 | ERROR   | Method name
     |         | "EB_Course_Manager::create_course_categories_on_wordpress"
     |         | is not in camel caps format
 374 | WARNING | Line exceeds 120 characters; contains 168 characters
 410 | ERROR   | Method name
     |         | "EB_Course_Manager::add_course_price_type_column" is
     |         | not in camel caps format
 434 | ERROR   | Method name
     |         | "EB_Course_Manager::add_course_price_type_column_content"
     |         | is not in camel caps format
----------------------------------------------------------------------


FILE: ...rojects/edwiser-bridge/edwiser-bridge/includes/class-eb-i18n.php
----------------------------------------------------------------------
FOUND 4 ERRORS AFFECTING 3 LINES
----------------------------------------------------------------------
 16 | ERROR | Each class must be in a namespace of at least one level
    |       | (a top-level vendor name)
 16 | ERROR | Class name "EB_i18n" is not in camel caps format
 32 | ERROR | Method name "EB_i18n::load_plugin_textdomain" is not in
    |       | camel caps format
 47 | ERROR | Method name "EB_i18n::set_domain" is not in camel caps
    |       | format
----------------------------------------------------------------------

Time: 4.82 secs; Memory: 23.75Mb

