
/home/apartha7/Downloads/git_projects/edwiser-bridge/edwiser-bridge/admin/class-eb-admin-menus.php:76	Avoid unused local variables such as '$key'.
/home/apartha7/Downloads/git_projects/edwiser-bridge/edwiser-bridge/admin/class-eb-admin-menus.php:116	Avoid unused local variables such as '$settings_page'.
/home/apartha7/Downloads/git_projects/edwiser-bridge/edwiser-bridge/admin/class-eb-admin-menus.php:126	Avoid unused local variables such as '$extensions_page'.
/home/apartha7/Downloads/git_projects/edwiser-bridge/edwiser-bridge/admin/class-eb-admin-settings.php:123	The method output() has an NPath complexity of 200. The configured NPath complexity threshold is 200.
/home/apartha7/Downloads/git_projects/edwiser-bridge/edwiser-bridge/admin/class-eb-admin-settings.php:153	Avoid unused local variables such as '$tabs'.
/home/apartha7/Downloads/git_projects/edwiser-bridge/edwiser-bridge/admin/class-eb-admin-settings.php:194	The method output_fields() has a Cyclomatic Complexity of 53. The configured cyclomatic complexity threshold is 20.
/home/apartha7/Downloads/git_projects/edwiser-bridge/edwiser-bridge/admin/class-eb-admin-settings.php:194	The method output_fields() has an NPath complexity of 5658625. The configured NPath complexity threshold is 200.
/home/apartha7/Downloads/git_projects/edwiser-bridge/edwiser-bridge/admin/class-eb-admin-settings.php:538	The method save_fields() has a Cyclomatic Complexity of 26. The configured cyclomatic complexity threshold is 20.
/home/apartha7/Downloads/git_projects/edwiser-bridge/edwiser-bridge/admin/class-eb-admin-settings.php:538	The method save_fields() has an NPath complexity of 7142. The configured NPath complexity threshold is 200.
/home/apartha7/Downloads/git_projects/edwiser-bridge/edwiser-bridge/admin/class-eb-admin-settings.php:624	Avoid excessively long variable names like $update_options_filtered. Keep variable name length under 20.
/home/apartha7/Downloads/git_projects/edwiser-bridge/edwiser-bridge/admin/class-eb-settings-ajax-initiater.php:22	Avoid unused private fields such as '$__plugin_name'.
/home/apartha7/Downloads/git_projects/edwiser-bridge/edwiser-bridge/admin/class-eb-settings-ajax-initiater.php:31	Avoid unused private fields such as '$__version'.
/home/apartha7/Downloads/git_projects/edwiser-bridge/edwiser-bridge/admin/class-eb-welcome.php:52	Avoid unused local variables such as '$page'.
/home/apartha7/Downloads/git_projects/edwiser-bridge/edwiser-bridge/admin/settings/class-eb-settings-help.php:45	Avoid unused local variables such as '$current_section'.
/home/apartha7/Downloads/git_projects/edwiser-bridge/edwiser-bridge/admin/settings/class-eb-settings-licensing.php:46	Avoid unused local variables such as '$current_section'.
/home/apartha7/Downloads/git_projects/edwiser-bridge/edwiser-bridge/admin/settings/class-eb-settings-page.php:24	Avoid variables with short names like $id. Configured minimum length is 3.
/home/apartha7/Downloads/git_projects/edwiser-bridge/edwiser-bridge/includes/api/class-eb-connection-helper.php:101	Avoid unused parameters such as '$time'.
/home/apartha7/Downloads/git_projects/edwiser-bridge/edwiser-bridge/includes/class-eb-activator.php:48	Avoid excessively long variable names like $enrollment_table_name. Keep variable name length under 20.
/home/apartha7/Downloads/git_projects/edwiser-bridge/edwiser-bridge/includes/class-eb-activator.php:119	Avoid unused local variables such as '$key'.
/home/apartha7/Downloads/git_projects/edwiser-bridge/edwiser-bridge/includes/class-eb-course-manager.php:100	Avoid excessively long variable names like $moodle_course_response. Keep variable name length under 20.
/home/apartha7/Downloads/git_projects/edwiser-bridge/edwiser-bridge/includes/class-eb-course-manager.php:101	Avoid excessively long variable names like $moodle_category_response. Keep variable name length under 20.
/home/apartha7/Downloads/git_projects/edwiser-bridge/edwiser-bridge/includes/class-eb-course-manager.php:105	Avoid unused local variables such as '$category_created'.
/home/apartha7/Downloads/git_projects/edwiser-bridge/edwiser-bridge/includes/class-eb-course-manager.php:299	Avoid excessively long variable names like $existing_wp_course_id. Keep variable name length under 20.
/home/apartha7/Downloads/git_projects/edwiser-bridge/edwiser-bridge/includes/class-eb-course-manager.php:357	Avoid unused local variables such as '$term_id_array'.
/home/apartha7/Downloads/git_projects/edwiser-bridge/edwiser-bridge/includes/class-eb-course-manager.php:358	Avoid excessively long variable names like $moodle_category_array. Keep variable name length under 20.
/home/apartha7/Downloads/git_projects/edwiser-bridge/edwiser-bridge/includes/class-eb-course-manager.php:358	Avoid unused local variables such as '$moodle_category_array'.
/home/apartha7/Downloads/git_projects/edwiser-bridge/edwiser-bridge/includes/class-eb-course-manager.php:359	Avoid variables with short names like $i. Configured minimum length is 3.
/home/apartha7/Downloads/git_projects/edwiser-bridge/edwiser-bridge/includes/class-eb-course-manager.php:359	Avoid unused local variables such as '$i'.
/home/apartha7/Downloads/git_projects/edwiser-bridge/edwiser-bridge/includes/class-eb-course-manager.php:369	Avoid unused local variables such as '$term_id'.
/home/apartha7/Downloads/git_projects/edwiser-bridge/edwiser-bridge/includes/class-eb-course-manager.php:370	Avoid unused local variables such as '$term_description'.
/home/apartha7/Downloads/git_projects/edwiser-bridge/edwiser-bridge/includes/class-eb-enrollment-manager.php:94	The method update_user_course_enrollment() has an NPath complexity of 240. The configured NPath complexity threshold is 200.
/home/apartha7/Downloads/git_projects/edwiser-bridge/edwiser-bridge/includes/class-eb-enrollment-manager.php:96	Avoid unused local variables such as '$wpdb'.
/home/apartha7/Downloads/git_projects/edwiser-bridge/edwiser-bridge/includes/class-eb-order-manager.php:186	Avoid unused local variables such as '$option'.
/home/apartha7/Downloads/git_projects/edwiser-bridge/edwiser-bridge/includes/class-eb-order-manager.php:209	The method create_new_order() has an NPath complexity of 400. The configured NPath complexity threshold is 200.
/home/apartha7/Downloads/git_projects/edwiser-bridge/edwiser-bridge/includes/class-eb-order-manager.php:222	Avoid unused local variables such as '$buyer'.
/home/apartha7/Downloads/git_projects/edwiser-bridge/edwiser-bridge/includes/class-eb-order-manager.php:258	The method create_new_order_ajax_wrapper() has an NPath complexity of 400. The configured NPath complexity threshold is 200.
/home/apartha7/Downloads/git_projects/edwiser-bridge/edwiser-bridge/includes/class-eb-post-types.php:220	Avoid unused parameters such as '$post'.
/home/apartha7/Downloads/git_projects/edwiser-bridge/edwiser-bridge/includes/class-eb-post-types.php:336	The method render_metabox_fields() has a Cyclomatic Complexity of 29. The configured cyclomatic complexity threshold is 20.
/home/apartha7/Downloads/git_projects/edwiser-bridge/edwiser-bridge/includes/class-eb-post-types.php:336	The method render_metabox_fields() has an NPath complexity of 23625. The configured NPath complexity threshold is 200.
/home/apartha7/Downloads/git_projects/edwiser-bridge/edwiser-bridge/includes/class-eb-post-types.php:453	The method handle_post_options_save() has a Cyclomatic Complexity of 23. The configured cyclomatic complexity threshold is 20.
/home/apartha7/Downloads/git_projects/edwiser-bridge/edwiser-bridge/includes/class-eb-post-types.php:453	The method handle_post_options_save() has an NPath complexity of 13626. The configured NPath complexity threshold is 200.
/home/apartha7/Downloads/git_projects/edwiser-bridge/edwiser-bridge/includes/class-eb-user-manager.php:132	Avoid unused local variables such as '$key'.
/home/apartha7/Downloads/git_projects/edwiser-bridge/edwiser-bridge/includes/class-eb-user-manager.php:168	Avoid excessively long variable names like $existing_enrolled_courses. Keep variable name length under 20.
/home/apartha7/Downloads/git_projects/edwiser-bridge/edwiser-bridge/includes/class-eb-user-manager.php:217	The method create_wordpress_user() has an NPath complexity of 23760. The configured NPath complexity threshold is 200.
/home/apartha7/Downloads/git_projects/edwiser-bridge/edwiser-bridge/includes/class-eb-user-manager.php:244	Avoid unused local variables such as '$password_generated'.
/home/apartha7/Downloads/git_projects/edwiser-bridge/edwiser-bridge/includes/class-eb-user-manager.php:344	Avoid unused local variables such as '$wpdb'.
/home/apartha7/Downloads/git_projects/edwiser-bridge/edwiser-bridge/includes/class-eb-user-manager.php:350	Avoid unused local variables such as '$user'.
/home/apartha7/Downloads/git_projects/edwiser-bridge/edwiser-bridge/includes/class-eb-user-manager.php:377	Avoid unused local variables such as '$wpdb'.
/home/apartha7/Downloads/git_projects/edwiser-bridge/edwiser-bridge/includes/class-eb-user-manager.php:423	The method create_moodle_user() has an NPath complexity of 1056. The configured NPath complexity threshold is 200.
/home/apartha7/Downloads/git_projects/edwiser-bridge/edwiser-bridge/includes/class-eb-user-manager.php:709	Avoid unused parameters such as '$user'.
/home/apartha7/Downloads/git_projects/edwiser-bridge/edwiser-bridge/includes/class-eb-user-manager.php:873	The method update_courses_on_profile_update() has an NPath complexity of 202. The configured NPath complexity threshold is 200.
/home/apartha7/Downloads/git_projects/edwiser-bridge/edwiser-bridge/includes/class-eb.php:124	The method define_constants() has an NPath complexity of 3200. The configured NPath complexity threshold is 200.
/home/apartha7/Downloads/git_projects/edwiser-bridge/edwiser-bridge/includes/class-eb.php:448	Avoid excessively long variable names like $plugin_admin_settings_initiater. Keep variable name length under 20.
/home/apartha7/Downloads/git_projects/edwiser-bridge/edwiser-bridge/includes/class-eb.php:517	Avoid excessively long variable names like $plugin_payment_manager. Keep variable name length under 20.
/home/apartha7/Downloads/git_projects/edwiser-bridge/edwiser-bridge/includes/class-eb.php:545	Avoid excessively long variable names like $plugin_template_loader. Keep variable name length under 20.
/home/apartha7/Downloads/git_projects/edwiser-bridge/edwiser-bridge/includes/class-eb.php:634	Avoid using short method names like ::EB(). The configured minimum method name length is 3.
/home/apartha7/Downloads/git_projects/edwiser-bridge/edwiser-bridge/includes/eb-core-functions.php:25	The function wdm_create_page() has an NPath complexity of 792. The configured NPath complexity threshold is 200.
/home/apartha7/Downloads/git_projects/edwiser-bridge/edwiser-bridge/includes/emails/class-eb-emailer.php:92	Avoid unused local variables such as '$sent'.
/home/apartha7/Downloads/git_projects/edwiser-bridge/edwiser-bridge/includes/emails/class-eb-emailer.php:120	Avoid unused local variables such as '$sent'.
/home/apartha7/Downloads/git_projects/edwiser-bridge/edwiser-bridge/includes/emails/class-eb-emailer.php:134	Avoid unused local variables such as '$wpdb'.
/home/apartha7/Downloads/git_projects/edwiser-bridge/edwiser-bridge/includes/emails/class-eb-emailer.php:165	Avoid unused local variables such as '$sent'.
/home/apartha7/Downloads/git_projects/edwiser-bridge/edwiser-bridge/includes/emails/class-eb-emailer.php:171	Avoid variables with short names like $to. Configured minimum length is 3.
/home/apartha7/Downloads/git_projects/edwiser-bridge/edwiser-bridge/includes/payments/class-eb-payment-manager.php:72	Avoid variables with short names like $wp. Configured minimum length is 3.
/home/apartha7/Downloads/git_projects/edwiser-bridge/edwiser-bridge/includes/payments/class-eb-payment-manager.php:127	The method take_course_button() has a Cyclomatic Complexity of 33. The configured cyclomatic complexity threshold is 20.
/home/apartha7/Downloads/git_projects/edwiser-bridge/edwiser-bridge/includes/payments/class-eb-payment-manager.php:127	The method take_course_button() has an NPath complexity of 32812500000. The configured NPath complexity threshold is 200.
/home/apartha7/Downloads/git_projects/edwiser-bridge/edwiser-bridge/includes/payments/class-eb-payment-manager.php:151	Avoid unused local variables such as '$paypal_cancelurl'.
/home/apartha7/Downloads/git_projects/edwiser-bridge/edwiser-bridge/includes/payments/eb-ipnlistener.php:95	Avoid variables with short names like $ch. Configured minimum length is 3.
/home/apartha7/Downloads/git_projects/edwiser-bridge/edwiser-bridge/includes/payments/eb-ipnlistener.php:144	Avoid variables with short names like $fp. Configured minimum length is 3.
/home/apartha7/Downloads/git_projects/edwiser-bridge/edwiser-bridge/includes/payments/eb-ipnlistener.php:231	Avoid variables with short names like $r. Configured minimum length is 3.
/home/apartha7/Downloads/git_projects/edwiser-bridge/edwiser-bridge/includes/payments/enhanced-paypal-shortcodes.php:246	The function enhanced_paypal_shortcode() has a Cyclomatic Complexity of 107. The configured cyclomatic complexity threshold is 20.
/home/apartha7/Downloads/git_projects/edwiser-bridge/edwiser-bridge/includes/payments/enhanced-paypal-shortcodes.php:246	The function enhanced_paypal_shortcode() has an NPath complexity of 824784716160. The configured NPath complexity threshold is 200.
/home/apartha7/Downloads/git_projects/edwiser-bridge/edwiser-bridge/includes/payments/enhanced-paypal-shortcodes.php:300	Avoid unused local variables such as '$user_id'.
/home/apartha7/Downloads/git_projects/edwiser-bridge/edwiser-bridge/public/class-eb-frontend-form-handler.php:106	Avoid unused local variables such as '$user'.
/home/apartha7/Downloads/git_projects/edwiser-bridge/edwiser-bridge/public/class-eb-frontend-form-handler.php:161	Avoid unused local variables such as '$course_enrolled'.
/home/apartha7/Downloads/git_projects/edwiser-bridge/edwiser-bridge/public/shortcodes/class-eb-shortcode-user-account.php:38	Avoid variables with short names like $wp. Configured minimum length is 3.
/home/apartha7/Downloads/git_projects/edwiser-bridge/edwiser-bridge/public/shortcodes/class-eb-shortcode-user-account.php:38	Avoid unused local variables such as '$wp'.
/home/apartha7/Downloads/git_projects/edwiser-bridge/edwiser-bridge/public/shortcodes/class-eb-shortcode-user-account.php:41	Avoid excessively long variable names like $plugin_template_loader. Keep variable name length under 20.
/home/apartha7/Downloads/git_projects/edwiser-bridge/edwiser-bridge/public/shortcodes/class-eb-shortcode-user-account.php:54	The method user_account() has an NPath complexity of 509. The configured NPath complexity threshold is 200.
/home/apartha7/Downloads/git_projects/edwiser-bridge/edwiser-bridge/public/shortcodes/class-eb-shortcode-user-account.php:60	Avoid unused local variables such as '$wpdb'.
/home/apartha7/Downloads/git_projects/edwiser-bridge/edwiser-bridge/public/shortcodes/class-eb-shortcode-user-account.php:96	Avoid excessively long variable names like $plugin_template_loader. Keep variable name length under 20.
/home/apartha7/Downloads/git_projects/edwiser-bridge/edwiser-bridge/public/shortcodes/class-eb-shortcode-user-account.php:99	Avoid unused local variables such as '$order_count'.
/home/apartha7/Downloads/git_projects/edwiser-bridge/edwiser-bridge/public/shortcodes/class-eb-shortcode-user-profile.php:38	Avoid variables with short names like $wp. Configured minimum length is 3.
/home/apartha7/Downloads/git_projects/edwiser-bridge/edwiser-bridge/public/shortcodes/class-eb-shortcode-user-profile.php:38	Avoid unused local variables such as '$wp'.
/home/apartha7/Downloads/git_projects/edwiser-bridge/edwiser-bridge/public/shortcodes/class-eb-shortcode-user-profile.php:41	Avoid excessively long variable names like $plugin_template_loader. Keep variable name length under 20.
/home/apartha7/Downloads/git_projects/edwiser-bridge/edwiser-bridge/public/shortcodes/class-eb-shortcode-user-profile.php:82	Avoid excessively long variable names like $user_enrolled_courses. Keep variable name length under 20.
/home/apartha7/Downloads/git_projects/edwiser-bridge/edwiser-bridge/public/shortcodes/class-eb-shortcode-user-profile.php:82	Avoid unused local variables such as '$user_enrolled_courses'.
/home/apartha7/Downloads/git_projects/edwiser-bridge/edwiser-bridge/public/shortcodes/class-eb-shortcode-user-profile.php:83	Avoid unused local variables such as '$cnt'.
/home/apartha7/Downloads/git_projects/edwiser-bridge/edwiser-bridge/public/shortcodes/class-eb-shortcode-user-profile.php:100	Avoid excessively long variable names like $plugin_template_loader. Keep variable name length under 20.
